android/app/build/intermediates/manifest_merge_blame_file/release/manifest-merger-blame-release-report.txt
1<?xml version="1.0" encoding="utf-8"?>
2<manifest xmlns:android="http://schemas.android.com/apk/res/android"
3    package="com.checkdinapp"
4    android:versionCode="12"
5    android:versionName="2.1" >
6
7    <uses-sdk
8        android:minSdkVersion="23"
8-->src/main/AndroidManifest.xml
9        android:targetSdkVersion="34" />
9-->src/main/AndroidManifest.xml
10
11    <uses-permission android:name="android.permission.INTERNET" />
11-->src/main/AndroidManifest.xml:5:3-65
11-->src/main/AndroidManifest.xml:5:20-62
12    <uses-permission android:name="android.permission.VIBRATE" />
12-->src/main/AndroidManifest.xml:6:3-63
12-->src/main/AndroidManifest.xml:6:20-61
13    <uses-permission android:name="android.permission.ACCESS_FINE_LOCATION" />
13-->src/main/AndroidManifest.xml:7:3-77
13-->src/main/AndroidManifest.xml:7:20-74
14    <uses-permission android:name="android.permission.ACCESS_MEDIA_LOCATION" />
14-->src/main/AndroidManifest.xml:8:3-78
14-->src/main/AndroidManifest.xml:8:20-75
15    <uses-permission android:name="android.permission.WAKE_LOCK" />
15-->[:react-native-firebase_auth] AndroidManifest.xml:8:5-68
15-->[:react-native-firebase_auth] AndroidManifest.xml:8:22-65
16    <uses-permission android:name="android.permission.ACCESS_NETWORK_STATE" /> <!-- Required to check whether Wi-Fi is enabled -->
16-->[:react-native-firebase_auth] AndroidManifest.xml:9:5-79
16-->[:react-native-firebase_auth] AndroidManifest.xml:9:22-76
17    <uses-permission android:name="android.permission.ACCESS_WIFI_STATE" /> <!-- Required to read and write the expansion files on shared storage -->
17-->[:react-native-blob-util] AndroidManifest.xml:23:5-76
17-->[:react-native-blob-util] AndroidManifest.xml:23:22-73
18    <uses-permission android:name="android.permission.WRITE_EXTERNAL_STORAGE" /> <!-- Required to read and write the expansion files on shared storage for Android 11 -->
18-->[:react-native-blob-util] AndroidManifest.xml:26:5-81
18-->[:react-native-blob-util] AndroidManifest.xml:26:22-78
19    <uses-permission android:name="android.permission.READ_EXTERNAL_STORAGE" /> <!-- Required to to download files without a notification -->
19-->[:react-native-blob-util] AndroidManifest.xml:29:5-80
19-->[:react-native-blob-util] AndroidManifest.xml:29:22-77
20    <uses-permission android:name="android.permission.DOWNLOAD_WITHOUT_NOTIFICATION" />
20-->[:react-native-blob-util] AndroidManifest.xml:32:5-88
20-->[:react-native-blob-util] AndroidManifest.xml:32:22-85
21    <uses-permission android:name="android.permission.CAMERA" />
21-->[:react-native-camera] AndroidManifest.xml:7:5-65
21-->[:react-native-camera] AndroidManifest.xml:7:22-62
22
23    <uses-feature
23-->[:react-native-camera] AndroidManifest.xml:9:5-11:36
24        android:name="android.hardware.camera"
24-->[:react-native-camera] AndroidManifest.xml:10:9-47
25        android:required="false" />
25-->[:react-native-camera] AndroidManifest.xml:11:9-33
26    <uses-feature
26-->[:react-native-camera] AndroidManifest.xml:12:5-14:36
27        android:name="android.hardware.camera.autofocus"
27-->[:react-native-camera] AndroidManifest.xml:13:9-57
28        android:required="false" />
28-->[:react-native-camera] AndroidManifest.xml:14:9-33
29
30    <uses-permission android:name="android.permission.ACCESS_COARSE_LOCATION" />
30-->[:react-native-get-location] AndroidManifest.xml:7:5-81
30-->[:react-native-get-location] AndroidManifest.xml:7:22-78
31
32    <queries>
32-->[com.facebook.android:facebook-common:17.0.0] AndroidManifest.xml:17:5-19:15
33        <package android:name="com.facebook.katana" />
33-->[com.facebook.android:facebook-common:17.0.0] AndroidManifest.xml:18:9-55
33-->[com.facebook.android:facebook-common:17.0.0] AndroidManifest.xml:18:18-52
34        <!-- Needs to be explicitly declared on Android R+ -->
35        <package android:name="com.google.android.apps.maps" />
35-->[com.google.android.gms:play-services-maps:18.0.2] AndroidManifest.xml:33:9-64
35-->[com.google.android.gms:play-services-maps:18.0.2] AndroidManifest.xml:33:18-61
36    </queries>
37
38    <uses-feature
38-->[com.google.android.gms:play-services-maps:18.0.2] AndroidManifest.xml:26:5-28:35
39        android:glEsVersion="0x00020000"
39-->[com.google.android.gms:play-services-maps:18.0.2] AndroidManifest.xml:27:9-41
40        android:required="true" />
40-->[com.google.android.gms:play-services-maps:18.0.2] AndroidManifest.xml:28:9-32
41
42    <uses-permission android:name="android.permission.POST_NOTIFICATIONS" /> <!-- Required by older versions of Google Play services to create IID tokens -->
42-->[com.google.firebase:firebase-messaging:23.1.2] AndroidManifest.xml:25:5-77
42-->[com.google.firebase:firebase-messaging:23.1.2] AndroidManifest.xml:25:22-74
43    <uses-permission android:name="com.google.android.c2dm.permission.RECEIVE" />
43-->[com.google.firebase:firebase-messaging:23.1.2] AndroidManifest.xml:28:5-82
43-->[com.google.firebase:firebase-messaging:23.1.2] AndroidManifest.xml:28:22-79
44    <uses-permission android:name="android.permission.RECEIVE_BOOT_COMPLETED" />
44-->[androidx.work:work-runtime:2.7.1] AndroidManifest.xml:27:5-81
44-->[androidx.work:work-runtime:2.7.1] AndroidManifest.xml:27:22-78
45    <uses-permission android:name="android.permission.FOREGROUND_SERVICE" />
45-->[androidx.work:work-runtime:2.7.1] AndroidManifest.xml:28:5-77
45-->[androidx.work:work-runtime:2.7.1] AndroidManifest.xml:28:22-74
46    <uses-permission android:name="com.google.android.gms.permission.AD_ID" />
46-->[com.facebook.android:facebook-core:17.0.0] AndroidManifest.xml:16:5-79
46-->[com.facebook.android:facebook-core:17.0.0] AndroidManifest.xml:16:22-76
47
48    <permission
48-->[androidx.core:core:1.13.0] AndroidManifest.xml:22:5-24:47
49        android:name="com.checkdinapp.DYNAMIC_RECEIVER_NOT_EXPORTED_PERMISSION"
49-->[androidx.core:core:1.13.0] AndroidManifest.xml:23:9-81
50        android:protectionLevel="signature" />
50-->[androidx.core:core:1.13.0] AndroidManifest.xml:24:9-44
51
52    <uses-permission android:name="com.checkdinapp.DYNAMIC_RECEIVER_NOT_EXPORTED_PERMISSION" />
52-->[androidx.core:core:1.13.0] AndroidManifest.xml:26:5-97
52-->[androidx.core:core:1.13.0] AndroidManifest.xml:26:22-94
53    <uses-permission android:name="com.google.android.finsky.permission.BIND_GET_INSTALL_REFERRER_SERVICE" />
53-->[com.android.installreferrer:installreferrer:1.0] AndroidManifest.xml:9:5-110
53-->[com.android.installreferrer:installreferrer:1.0] AndroidManifest.xml:9:22-107
54
55    <application
55-->src/main/AndroidManifest.xml:11:5-61:19
56        android:name="com.checkdinapp.MainApplication"
56-->src/main/AndroidManifest.xml:12:7-38
57        android:allowBackup="false"
57-->src/main/AndroidManifest.xml:16:7-34
58        android:appComponentFactory="androidx.core.app.CoreComponentFactory"
58-->[androidx.core:core:1.13.0] AndroidManifest.xml:28:18-86
59        android:extractNativeLibs="false"
60        android:icon="@mipmap/ic_launcher"
60-->src/main/AndroidManifest.xml:14:7-41
61        android:label="@string/app_name"
61-->src/main/AndroidManifest.xml:13:7-39
62        android:roundIcon="@mipmap/ic_launcher_round"
62-->src/main/AndroidManifest.xml:15:7-52
63        android:supportsRtl="true"
63-->[com.facebook.android:facebook-android-sdk:17.0.0] AndroidManifest.xml:16:18-44
64        android:theme="@style/AppTheme" >
64-->src/main/AndroidManifest.xml:17:7-38
65        <meta-data
65-->src/main/AndroidManifest.xml:18:7-21:8
66            android:name="com.google.android.geo.API_KEY"
66-->src/main/AndroidManifest.xml:19:6-51
67            android:value="AIzaSyBUYUSLiHDE7SZurjNe2um_i4hy7hVajjw" />
67-->src/main/AndroidManifest.xml:20:6-61
68        <meta-data
68-->src/main/AndroidManifest.xml:22:5-103
69            android:name="com.facebook.sdk.ApplicationId"
69-->src/main/AndroidManifest.xml:22:16-61
70            android:value="@string/facebook_app_id" />
70-->src/main/AndroidManifest.xml:22:62-101
71        <meta-data
71-->src/main/AndroidManifest.xml:23:5-107
72            android:name="com.facebook.sdk.ClientToken"
72-->src/main/AndroidManifest.xml:23:16-59
73            android:value="@string/facebook_client_token" />
73-->src/main/AndroidManifest.xml:23:60-105
74
75        <provider
75-->src/main/AndroidManifest.xml:24:6-27:39
76            android:name="com.facebook.FacebookContentProvider"
76-->src/main/AndroidManifest.xml:26:13-64
77            android:authorities="com.facebook.app.FacebookContentProvider3099591726839945"
77-->src/main/AndroidManifest.xml:25:13-91
78            android:exported="true" />
78-->src/main/AndroidManifest.xml:27:13-36
79
80        <activity
80-->src/main/AndroidManifest.xml:29:5-179
81            android:name="com.facebook.FacebookActivity"
81-->src/main/AndroidManifest.xml:29:15-59
82            android:configChanges="keyboard|keyboardHidden|screenLayout|screenSize|orientation"
82-->src/main/AndroidManifest.xml:29:60-143
83            android:label="@string/app_name"
83-->src/main/AndroidManifest.xml:29:144-176
84            android:theme="@style/com_facebook_activity_theme" />
84-->[com.facebook.android:facebook-common:17.0.0] AndroidManifest.xml:25:13-63
85        <activity
85-->src/main/AndroidManifest.xml:30:13-46:24
86            android:name="com.facebook.CustomTabActivity"
86-->src/main/AndroidManifest.xml:31:17-62
87            android:exported="true" >
87-->src/main/AndroidManifest.xml:32:17-40
88            <intent-filter>
88-->src/main/AndroidManifest.xml:33:17-45:33
89                <action android:name="android.intent.action.SEND" />
89-->src/main/AndroidManifest.xml:34:21-73
89-->src/main/AndroidManifest.xml:34:29-70
90                <action android:name="android.intent.action.VIEW" />
90-->src/main/AndroidManifest.xml:35:21-73
90-->src/main/AndroidManifest.xml:35:29-70
91
92                <category android:name="android.intent.category.DEFAULT" />
92-->src/main/AndroidManifest.xml:36:21-80
92-->src/main/AndroidManifest.xml:36:31-77
93                <category android:name="android.intent.category.BROWSABLE" />
93-->src/main/AndroidManifest.xml:37:21-82
93-->src/main/AndroidManifest.xml:37:31-79
94
95                <data android:scheme="@string/fb_login_protocol_scheme" />
95-->src/main/AndroidManifest.xml:38:21-79
95-->src/main/AndroidManifest.xml:38:27-76
96                <data android:mimeType="image/*" />
96-->src/main/AndroidManifest.xml:38:21-79
96-->src/main/AndroidManifest.xml:39:27-53
97                <!--
98                    <data
99                    android:host="checkdinapp.page.link"
100                    android:scheme="https"
101                    android:pathPattern="/test" 
102                    />
103                -->
104            </intent-filter>
105            <intent-filter>
105-->[com.facebook.android:facebook-common:17.0.0] AndroidManifest.xml:31:13-40:29
106                <action android:name="android.intent.action.VIEW" />
106-->src/main/AndroidManifest.xml:35:21-73
106-->src/main/AndroidManifest.xml:35:29-70
107
108                <category android:name="android.intent.category.DEFAULT" />
108-->src/main/AndroidManifest.xml:36:21-80
108-->src/main/AndroidManifest.xml:36:31-77
109                <category android:name="android.intent.category.BROWSABLE" />
109-->src/main/AndroidManifest.xml:37:21-82
109-->src/main/AndroidManifest.xml:37:31-79
110
111                <data
111-->src/main/AndroidManifest.xml:38:21-79
112                    android:host="cct.com.checkdinapp"
113                    android:scheme="fbconnect" />
113-->src/main/AndroidManifest.xml:38:27-76
114            </intent-filter>
115        </activity>
116        <activity
116-->src/main/AndroidManifest.xml:48:7-60:18
117            android:name="com.checkdinapp.MainActivity"
117-->src/main/AndroidManifest.xml:49:9-37
118            android:configChanges="keyboard|keyboardHidden|orientation|screenLayout|screenSize|smallestScreenSize|uiMode"
118-->src/main/AndroidManifest.xml:52:9-118
119            android:exported="true"
119-->src/main/AndroidManifest.xml:55:9-32
120            android:label="@string/app_name"
120-->src/main/AndroidManifest.xml:50:9-41
121            android:launchMode="singleTask"
121-->src/main/AndroidManifest.xml:53:9-40
122            android:screenOrientation="portrait"
122-->src/main/AndroidManifest.xml:51:9-45
123            android:windowSoftInputMode="adjustResize" >
123-->src/main/AndroidManifest.xml:54:9-51
124            <intent-filter>
124-->src/main/AndroidManifest.xml:56:9-59:25
125                <action android:name="android.intent.action.MAIN" />
125-->src/main/AndroidManifest.xml:57:13-65
125-->src/main/AndroidManifest.xml:57:21-62
126
127                <category android:name="android.intent.category.LAUNCHER" />
127-->src/main/AndroidManifest.xml:58:13-73
127-->src/main/AndroidManifest.xml:58:23-70
128            </intent-filter>
129        </activity>
130
131        <service
131-->[:react-native-firebase_messaging] AndroidManifest.xml:12:9-14:40
132            android:name="io.invertase.firebase.messaging.ReactNativeFirebaseMessagingHeadlessService"
132-->[:react-native-firebase_messaging] AndroidManifest.xml:13:13-103
133            android:exported="false" />
133-->[:react-native-firebase_messaging] AndroidManifest.xml:14:13-37
134        <service
134-->[:react-native-firebase_messaging] AndroidManifest.xml:15:9-21:19
135            android:name="io.invertase.firebase.messaging.ReactNativeFirebaseMessagingService"
135-->[:react-native-firebase_messaging] AndroidManifest.xml:16:13-95
136            android:exported="false" >
136-->[:react-native-firebase_messaging] AndroidManifest.xml:17:13-37
137            <intent-filter>
137-->[:react-native-firebase_messaging] AndroidManifest.xml:18:13-20:29
138                <action android:name="com.google.firebase.MESSAGING_EVENT" />
138-->[:react-native-firebase_messaging] AndroidManifest.xml:19:17-78
138-->[:react-native-firebase_messaging] AndroidManifest.xml:19:25-75
139            </intent-filter>
140        </service>
141
142        <receiver
142-->[:react-native-firebase_messaging] AndroidManifest.xml:23:9-30:20
143            android:name="io.invertase.firebase.messaging.ReactNativeFirebaseMessagingReceiver"
143-->[:react-native-firebase_messaging] AndroidManifest.xml:24:13-96
144            android:exported="true"
144-->[:react-native-firebase_messaging] AndroidManifest.xml:25:13-36
145            android:permission="com.google.android.c2dm.permission.SEND" >
145-->[:react-native-firebase_messaging] AndroidManifest.xml:26:13-73
146            <intent-filter>
146-->[:react-native-firebase_messaging] AndroidManifest.xml:27:13-29:29
147                <action android:name="com.google.android.c2dm.intent.RECEIVE" />
147-->[:react-native-firebase_messaging] AndroidManifest.xml:28:17-81
147-->[:react-native-firebase_messaging] AndroidManifest.xml:28:25-78
148            </intent-filter>
149        </receiver>
150
151        <meta-data
151-->[:react-native-firebase_messaging] AndroidManifest.xml:32:9-34:36
152            android:name="firebase_messaging_auto_init_enabled"
152-->[:react-native-firebase_messaging] AndroidManifest.xml:33:13-64
153            android:value="true" />
153-->[:react-native-firebase_messaging] AndroidManifest.xml:34:13-33
154        <meta-data
154-->[:react-native-firebase_messaging] AndroidManifest.xml:35:9-37:32
155            android:name="com.google.firebase.messaging.default_notification_channel_id"
155-->[:react-native-firebase_messaging] AndroidManifest.xml:36:13-89
156            android:value="" />
156-->[:react-native-firebase_messaging] AndroidManifest.xml:37:13-29
157        <meta-data
157-->[:react-native-firebase_messaging] AndroidManifest.xml:38:9-40:47
158            android:name="com.google.firebase.messaging.default_notification_color"
158-->[:react-native-firebase_messaging] AndroidManifest.xml:39:13-84
159            android:resource="@color/white" />
159-->[:react-native-firebase_messaging] AndroidManifest.xml:40:13-44
160        <meta-data
160-->[:react-native-firebase_app] AndroidManifest.xml:9:9-11:36
161            android:name="app_data_collection_default_enabled"
161-->[:react-native-firebase_app] AndroidManifest.xml:10:13-63
162            android:value="true" />
162-->[:react-native-firebase_app] AndroidManifest.xml:11:13-33
163
164        <service
164-->[:react-native-firebase_app] AndroidManifest.xml:13:9-21:19
165            android:name="com.google.firebase.components.ComponentDiscoveryService"
165-->[:react-native-firebase_app] AndroidManifest.xml:14:13-84
166            android:directBootAware="true"
166-->[:react-native-firebase_app] AndroidManifest.xml:15:13-43
167            android:exported="false" >
167-->[:react-native-firebase_app] AndroidManifest.xml:16:13-37
168            <meta-data
168-->[:react-native-firebase_app] AndroidManifest.xml:18:13-20:85
169                android:name="com.google.firebase.components:io.invertase.firebase.app.ReactNativeFirebaseAppRegistrar"
169-->[:react-native-firebase_app] AndroidManifest.xml:19:17-120
170                android:value="com.google.firebase.components.ComponentRegistrar" />
170-->[:react-native-firebase_app] AndroidManifest.xml:20:17-82
171            <meta-data
171-->[com.google.firebase:firebase-messaging:23.1.2] AndroidManifest.xml:55:13-57:85
172                android:name="com.google.firebase.components:com.google.firebase.messaging.FirebaseMessagingRegistrar"
172-->[com.google.firebase:firebase-messaging:23.1.2] AndroidManifest.xml:56:17-119
173                android:value="com.google.firebase.components.ComponentRegistrar" />
173-->[com.google.firebase:firebase-messaging:23.1.2] AndroidManifest.xml:57:17-82
174            <meta-data
174-->[com.google.firebase:firebase-dynamic-links:21.1.0] AndroidManifest.xml:26:13-28:85
175                android:name="com.google.firebase.components:com.google.firebase.dynamiclinks.internal.FirebaseDynamicLinkRegistrar"
175-->[com.google.firebase:firebase-dynamic-links:21.1.0] AndroidManifest.xml:27:17-133
176                android:value="com.google.firebase.components.ComponentRegistrar" />
176-->[com.google.firebase:firebase-dynamic-links:21.1.0] AndroidManifest.xml:28:17-82
177            <meta-data
177-->[com.google.firebase:firebase-auth:22.0.0] AndroidManifest.xml:69:13-71:85
178                android:name="com.google.firebase.components:com.google.firebase.auth.FirebaseAuthRegistrar"
178-->[com.google.firebase:firebase-auth:22.0.0] AndroidManifest.xml:70:17-109
179                android:value="com.google.firebase.components.ComponentRegistrar" />
179-->[com.google.firebase:firebase-auth:22.0.0] AndroidManifest.xml:71:17-82
180            <meta-data
180-->[com.google.firebase:firebase-datatransport:18.1.7] AndroidManifest.xml:27:13-29:85
181                android:name="com.google.firebase.components:com.google.firebase.datatransport.TransportRegistrar"
181-->[com.google.firebase:firebase-datatransport:18.1.7] AndroidManifest.xml:28:17-115
182                android:value="com.google.firebase.components.ComponentRegistrar" />
182-->[com.google.firebase:firebase-datatransport:18.1.7] AndroidManifest.xml:29:17-82
183            <meta-data
183-->[com.google.firebase:firebase-installations:17.1.3] AndroidManifest.xml:17:13-19:85
184                android:name="com.google.firebase.components:com.google.firebase.installations.FirebaseInstallationsRegistrar"
184-->[com.google.firebase:firebase-installations:17.1.3] AndroidManifest.xml:18:17-127
185                android:value="com.google.firebase.components.ComponentRegistrar" />
185-->[com.google.firebase:firebase-installations:17.1.3] AndroidManifest.xml:19:17-82
186        </service>
187
188        <provider
188-->[:react-native-firebase_app] AndroidManifest.xml:23:9-27:38
189            android:name="io.invertase.firebase.app.ReactNativeFirebaseAppInitProvider"
189-->[:react-native-firebase_app] AndroidManifest.xml:24:13-88
190            android:authorities="com.checkdinapp.reactnativefirebaseappinitprovider"
190-->[:react-native-firebase_app] AndroidManifest.xml:25:13-86
191            android:exported="false"
191-->[:react-native-firebase_app] AndroidManifest.xml:26:13-37
192            android:initOrder="99" />
192-->[:react-native-firebase_app] AndroidManifest.xml:27:13-35
193        <provider
193-->[:react-native-blob-util] AndroidManifest.xml:35:9-43:20
194            android:name="com.ReactNativeBlobUtil.Utils.FileProvider"
194-->[:react-native-blob-util] AndroidManifest.xml:36:13-70
195            android:authorities="com.checkdinapp.provider"
195-->[:react-native-blob-util] AndroidManifest.xml:37:13-60
196            android:exported="false"
196-->[:react-native-blob-util] AndroidManifest.xml:38:13-37
197            android:grantUriPermissions="true" >
197-->[:react-native-blob-util] AndroidManifest.xml:39:13-47
198            <meta-data
198-->[:react-native-blob-util] AndroidManifest.xml:40:13-42:58
199                android:name="android.support.FILE_PROVIDER_PATHS"
199-->[:react-native-blob-util] AndroidManifest.xml:41:17-67
200                android:resource="@xml/provider_paths" />
200-->[:react-native-blob-util] AndroidManifest.xml:42:17-55
201        </provider>
202        <provider
202-->[:react-native-image-picker] AndroidManifest.xml:8:9-16:20
203            android:name="com.imagepicker.ImagePickerProvider"
203-->[:react-native-image-picker] AndroidManifest.xml:9:13-63
204            android:authorities="com.checkdinapp.imagepickerprovider"
204-->[:react-native-image-picker] AndroidManifest.xml:10:13-71
205            android:exported="false"
205-->[:react-native-image-picker] AndroidManifest.xml:11:13-37
206            android:grantUriPermissions="true" >
206-->[:react-native-image-picker] AndroidManifest.xml:12:13-47
207            <meta-data
207-->[:react-native-blob-util] AndroidManifest.xml:40:13-42:58
208                android:name="android.support.FILE_PROVIDER_PATHS"
208-->[:react-native-blob-util] AndroidManifest.xml:41:17-67
209                android:resource="@xml/imagepicker_provider_paths" />
209-->[:react-native-blob-util] AndroidManifest.xml:42:17-55
210        </provider>
211        <provider
211-->[:react-native-share] AndroidManifest.xml:8:9-16:20
212            android:name="cl.json.RNShareFileProvider"
212-->[:react-native-share] AndroidManifest.xml:9:13-55
213            android:authorities="com.checkdinapp.rnshare.fileprovider"
213-->[:react-native-share] AndroidManifest.xml:10:13-72
214            android:exported="false"
214-->[:react-native-share] AndroidManifest.xml:11:13-37
215            android:grantUriPermissions="true" >
215-->[:react-native-share] AndroidManifest.xml:12:13-47
216            <meta-data
216-->[:react-native-blob-util] AndroidManifest.xml:40:13-42:58
217                android:name="android.support.FILE_PROVIDER_PATHS"
217-->[:react-native-blob-util] AndroidManifest.xml:41:17-67
218                android:resource="@xml/share_download_paths" />
218-->[:react-native-blob-util] AndroidManifest.xml:42:17-55
219        </provider>
220        <provider
220-->[:react-native-webview] AndroidManifest.xml:8:9-16:20
221            android:name="com.reactnativecommunity.webview.RNCWebViewFileProvider"
221-->[:react-native-webview] AndroidManifest.xml:9:13-83
222            android:authorities="com.checkdinapp.fileprovider"
222-->[:react-native-webview] AndroidManifest.xml:10:13-64
223            android:exported="false"
223-->[:react-native-webview] AndroidManifest.xml:11:13-37
224            android:grantUriPermissions="true" >
224-->[:react-native-webview] AndroidManifest.xml:12:13-47
225            <meta-data
225-->[:react-native-blob-util] AndroidManifest.xml:40:13-42:58
226                android:name="android.support.FILE_PROVIDER_PATHS"
226-->[:react-native-blob-util] AndroidManifest.xml:41:17-67
227                android:resource="@xml/file_provider_paths" />
227-->[:react-native-blob-util] AndroidManifest.xml:42:17-55
228        </provider>
229
230        <activity android:name="com.facebook.CustomTabMainActivity" /> <!-- Needs to be explicitly declared on P+ -->
230-->[com.facebook.android:facebook-common:17.0.0] AndroidManifest.xml:26:9-71
230-->[com.facebook.android:facebook-common:17.0.0] AndroidManifest.xml:26:19-68
231        <uses-library
231-->[com.google.android.gms:play-services-maps:18.0.2] AndroidManifest.xml:39:9-41:40
232            android:name="org.apache.http.legacy"
232-->[com.google.android.gms:play-services-maps:18.0.2] AndroidManifest.xml:40:13-50
233            android:required="false" />
233-->[com.google.android.gms:play-services-maps:18.0.2] AndroidManifest.xml:41:13-37
234
235        <activity
235-->[com.google.android.gms:play-services-auth:20.5.0] AndroidManifest.xml:23:9-27:75
236            android:name="com.google.android.gms.auth.api.signin.internal.SignInHubActivity"
236-->[com.google.android.gms:play-services-auth:20.5.0] AndroidManifest.xml:24:13-93
237            android:excludeFromRecents="true"
237-->[com.google.android.gms:play-services-auth:20.5.0] AndroidManifest.xml:25:13-46
238            android:exported="false"
238-->[com.google.android.gms:play-services-auth:20.5.0] AndroidManifest.xml:26:13-37
239            android:theme="@android:style/Theme.Translucent.NoTitleBar" />
239-->[com.google.android.gms:play-services-auth:20.5.0] AndroidManifest.xml:27:13-72
240        <!--
241            Service handling Google Sign-In user revocation. For apps that do not integrate with
242            Google Sign-In, this service will never be started.
243        -->
244        <service
244-->[com.google.android.gms:play-services-auth:20.5.0] AndroidManifest.xml:33:9-37:51
245            android:name="com.google.android.gms.auth.api.signin.RevocationBoundService"
245-->[com.google.android.gms:play-services-auth:20.5.0] AndroidManifest.xml:34:13-89
246            android:exported="true"
246-->[com.google.android.gms:play-services-auth:20.5.0] AndroidManifest.xml:35:13-36
247            android:permission="com.google.android.gms.auth.api.signin.permission.REVOCATION_NOTIFICATION"
247-->[com.google.android.gms:play-services-auth:20.5.0] AndroidManifest.xml:36:13-107
248            android:visibleToInstantApps="true" />
248-->[com.google.android.gms:play-services-auth:20.5.0] AndroidManifest.xml:37:13-48
249        <service
249-->[com.google.android.gms:play-services-mlkit-barcode-scanning:16.2.0] AndroidManifest.xml:9:9-15:19
250            android:name="com.google.mlkit.common.internal.MlKitComponentDiscoveryService"
250-->[com.google.android.gms:play-services-mlkit-barcode-scanning:16.2.0] AndroidManifest.xml:10:13-91
251            android:directBootAware="true"
251-->[com.google.mlkit:common:17.2.0] AndroidManifest.xml:17:13-43
252            android:exported="false" >
252-->[com.google.android.gms:play-services-mlkit-barcode-scanning:16.2.0] AndroidManifest.xml:11:13-37
253            <meta-data
253-->[com.google.android.gms:play-services-mlkit-barcode-scanning:16.2.0] AndroidManifest.xml:12:13-14:85
254                android:name="com.google.firebase.components:com.google.mlkit.vision.barcode.internal.BarcodeRegistrar"
254-->[com.google.android.gms:play-services-mlkit-barcode-scanning:16.2.0] AndroidManifest.xml:13:17-120
255                android:value="com.google.firebase.components.ComponentRegistrar" />
255-->[com.google.android.gms:play-services-mlkit-barcode-scanning:16.2.0] AndroidManifest.xml:14:17-82
256            <meta-data
256-->[com.google.android.gms:play-services-mlkit-face-detection:16.2.0] AndroidManifest.xml:12:13-14:85
257                android:name="com.google.firebase.components:com.google.mlkit.vision.face.internal.FaceRegistrar"
257-->[com.google.android.gms:play-services-mlkit-face-detection:16.2.0] AndroidManifest.xml:13:17-114
258                android:value="com.google.firebase.components.ComponentRegistrar" />
258-->[com.google.android.gms:play-services-mlkit-face-detection:16.2.0] AndroidManifest.xml:14:17-82
259            <meta-data
259-->[com.google.android.gms:play-services-mlkit-text-recognition:16.3.0] AndroidManifest.xml:12:13-14:85
260                android:name="com.google.firebase.components:com.google.mlkit.vision.text.internal.TextRegistrar"
260-->[com.google.android.gms:play-services-mlkit-text-recognition:16.3.0] AndroidManifest.xml:13:17-114
261                android:value="com.google.firebase.components.ComponentRegistrar" />
261-->[com.google.android.gms:play-services-mlkit-text-recognition:16.3.0] AndroidManifest.xml:14:17-82
262            <meta-data
262-->[com.google.mlkit:vision-common:16.5.0] AndroidManifest.xml:12:13-14:85
263                android:name="com.google.firebase.components:com.google.mlkit.vision.common.internal.VisionCommonRegistrar"
263-->[com.google.mlkit:vision-common:16.5.0] AndroidManifest.xml:13:17-124
264                android:value="com.google.firebase.components.ComponentRegistrar" />
264-->[com.google.mlkit:vision-common:16.5.0] AndroidManifest.xml:14:17-82
265            <meta-data
265-->[com.google.mlkit:common:17.2.0] AndroidManifest.xml:20:13-22:85
266                android:name="com.google.firebase.components:com.google.mlkit.common.internal.CommonComponentRegistrar"
266-->[com.google.mlkit:common:17.2.0] AndroidManifest.xml:21:17-120
267                android:value="com.google.firebase.components.ComponentRegistrar" />
267-->[com.google.mlkit:common:17.2.0] AndroidManifest.xml:22:17-82
268        </service>
269
270        <receiver
270-->[com.google.firebase:firebase-messaging:23.1.2] AndroidManifest.xml:31:9-38:20
271            android:name="com.google.firebase.iid.FirebaseInstanceIdReceiver"
271-->[com.google.firebase:firebase-messaging:23.1.2] AndroidManifest.xml:32:13-78
272            android:exported="true"
272-->[com.google.firebase:firebase-messaging:23.1.2] AndroidManifest.xml:33:13-36